{
  "/Users/kirillleontyev/Sites/redux-socket-provider/example/client/index.tsx": {
    "path": "/Users/kirillleontyev/Sites/redux-socket-provider/example/client/index.tsx",
    "statementMap": {
      "0": {
        "start": {
          "line": 2,
          "column": 19
        },
        "end": {
          "line": 8,
          "column": 1
        }
      },
      "1": {
        "start": {
          "line": 3,
          "column": 4
        },
        "end": {
          "line": 3,
          "column": 42
        }
      },
      "2": {
        "start": {
          "line": 3,
          "column": 31
        },
        "end": {
          "line": 3,
          "column": 42
        }
      },
      "3": {
        "start": {
          "line": 4,
          "column": 17
        },
        "end": {
          "line": 4,
          "column": 19
        }
      },
      "4": {
        "start": {
          "line": 5,
          "column": 4
        },
        "end": {
          "line": 5,
          "column": 99
        }
      },
      "5": {
        "start": {
          "line": 5,
          "column": 21
        },
        "end": {
          "line": 5,
          "column": 99
        }
      },
      "6": {
        "start": {
          "line": 5,
          "column": 40
        },
        "end": {
          "line": 5,
          "column": 99
        }
      },
      "7": {
        "start": {
          "line": 5,
          "column": 80
        },
        "end": {
          "line": 5,
          "column": 99
        }
      },
      "8": {
        "start": {
          "line": 6,
          "column": 4
        },
        "end": {
          "line": 6,
          "column": 28
        }
      },
      "9": {
        "start": {
          "line": 7,
          "column": 4
        },
        "end": {
          "line": 7,
          "column": 18
        }
      },
      "10": {
        "start": {
          "line": 9,
          "column": 22
        },
        "end": {
          "line": 11,
          "column": 1
        }
      },
      "11": {
        "start": {
          "line": 10,
          "column": 4
        },
        "end": {
          "line": 10,
          "column": 62
        }
      },
      "12": {
        "start": {
          "line": 12,
          "column": 0
        },
        "end": {
          "line": 12,
          "column": 62
        }
      },
      "13": {
        "start": {
          "line": 13,
          "column": 12
        },
        "end": {
          "line": 13,
          "column": 42
        }
      },
      "14": {
        "start": {
          "line": 14,
          "column": 18
        },
        "end": {
          "line": 14,
          "column": 55
        }
      },
      "15": {
        "start": {
          "line": 15,
          "column": 12
        },
        "end": {
          "line": 15,
          "column": 28
        }
      },
      "16": {
        "start": {
          "line": 16,
          "column": 0
        },
        "end": {
          "line": 16,
          "column": 75
        }
      }
    },
    "fnMap": {
      "0": {
        "name": "(anonymous_0)",
        "decl": {
          "start": {
            "line": 2,
            "column": 50
          },
          "end": {
            "line": 2,
            "column": 51
          }
        },
        "loc": {
          "start": {
            "line": 2,
            "column": 65
          },
          "end": {
            "line": 8,
            "column": 1
          }
        },
        "line": 2
      },
      "1": {
        "name": "(anonymous_1)",
        "decl": {
          "start": {
            "line": 9,
            "column": 56
          },
          "end": {
            "line": 9,
            "column": 57
          }
        },
        "loc": {
          "start": {
            "line": 9,
            "column": 71
          },
          "end": {
            "line": 11,
            "column": 1
          }
        },
        "line": 9
      }
    },
    "branchMap": {
      "0": {
        "loc": {
          "start": {
            "line": 2,
            "column": 19
          },
          "end": {
            "line": 8,
            "column": 1
          }
        },
        "type": "binary-expr",
        "locations": [
          {
            "start": {
              "line": 2,
              "column": 20
            },
            "end": {
              "line": 2,
              "column": 24
            }
          },
          {
            "start": {
              "line": 2,
              "column": 28
            },
            "end": {
              "line": 2,
              "column": 45
            }
          },
          {
            "start": {
              "line": 2,
              "column": 50
            },
            "end": {
              "line": 8,
              "column": 1
            }
          }
        ],
        "line": 2
      },
      "1": {
        "loc": {
          "start": {
            "line": 3,
            "column": 4
          },
          "end": {
            "line": 3,
            "column": 42
          }
        },
        "type": "if",
        "locations": [
          {
            "start": {
              "line": 3,
              "column": 4
            },
            "end": {
              "line": 3,
              "column": 42
            }
          },
          {
            "start": {
              "line": 3,
              "column": 4
            },
            "end": {
              "line": 3,
              "column": 42
            }
          }
        ],
        "line": 3
      },
      "2": {
        "loc": {
          "start": {
            "line": 3,
            "column": 8
          },
          "end": {
            "line": 3,
            "column": 29
          }
        },
        "type": "binary-expr",
        "locations": [
          {
            "start": {
              "line": 3,
              "column": 8
            },
            "end": {
              "line": 3,
              "column": 11
            }
          },
          {
            "start": {
              "line": 3,
              "column": 15
            },
            "end": {
              "line": 3,
              "column": 29
            }
          }
        ],
        "line": 3
      },
      "3": {
        "loc": {
          "start": {
            "line": 5,
            "column": 4
          },
          "end": {
            "line": 5,
            "column": 99
          }
        },
        "type": "if",
        "locations": [
          {
            "start": {
              "line": 5,
              "column": 4
            },
            "end": {
              "line": 5,
              "column": 99
            }
          },
          {
            "start": {
              "line": 5,
              "column": 4
            },
            "end": {
              "line": 5,
              "column": 99
            }
          }
        ],
        "line": 5
      },
      "4": {
        "loc": {
          "start": {
            "line": 5,
            "column": 40
          },
          "end": {
            "line": 5,
            "column": 99
          }
        },
        "type": "if",
        "locations": [
          {
            "start": {
              "line": 5,
              "column": 40
            },
            "end": {
              "line": 5,
              "column": 99
            }
          },
          {
            "start": {
              "line": 5,
              "column": 40
            },
            "end": {
              "line": 5,
              "column": 99
            }
          }
        ],
        "line": 5
      },
      "5": {
        "loc": {
          "start": {
            "line": 9,
            "column": 22
          },
          "end": {
            "line": 11,
            "column": 1
          }
        },
        "type": "binary-expr",
        "locations": [
          {
            "start": {
              "line": 9,
              "column": 23
            },
            "end": {
              "line": 9,
              "column": 27
            }
          },
          {
            "start": {
              "line": 9,
              "column": 31
            },
            "end": {
              "line": 9,
              "column": 51
            }
          },
          {
            "start": {
              "line": 9,
              "column": 56
            },
            "end": {
              "line": 11,
              "column": 1
            }
          }
        ],
        "line": 9
      },
      "6": {
        "loc": {
          "start": {
            "line": 10,
            "column": 11
          },
          "end": {
            "line": 10,
            "column": 61
          }
        },
        "type": "cond-expr",
        "locations": [
          {
            "start": {
              "line": 10,
              "column": 37
            },
            "end": {
              "line": 10,
              "column": 40
            }
          },
          {
            "start": {
              "line": 10,
              "column": 43
            },
            "end": {
              "line": 10,
              "column": 61
            }
          }
        ],
        "line": 10
      },
      "7": {
        "loc": {
          "start": {
            "line": 10,
            "column": 12
          },
          "end": {
            "line": 10,
            "column": 33
          }
        },
        "type": "binary-expr",
        "locations": [
          {
            "start": {
              "line": 10,
              "column": 12
            },
            "end": {
              "line": 10,
              "column": 15
            }
          },
          {
            "start": {
              "line": 10,
              "column": 19
            },
            "end": {
              "line": 10,
              "column": 33
            }
          }
        ],
        "line": 10
      }
    },
    "s": {
      "0": 48,
      "1": 48,
      "2": 0,
      "3": 48,
      "4": 48,
      "5": 48,
      "6": 1344,
      "7": 1344,
      "8": 48,
      "9": 48,
      "10": 48,
      "11": 48,
      "12": 48,
      "13": 48,
      "14": 48,
      "15": 48,
      "16": 48
    },
    "f": {
      "0": 48,
      "1": 48
    },
    "b": {
      "0": [
        48,
        48,
        48
      ],
      "1": [
        0,
        48
      ],
      "2": [
        48,
        48
      ],
      "3": [
        48,
        0
      ],
      "4": [
        1344,
        0
      ],
      "5": [
        48,
        48,
        48
      ],
      "6": [
        0,
        48
      ],
      "7": [
        48,
        48
      ]
    },
    "_coverageSchema": "1a1c01bbd47fc00a2c39e90264f33305004495a9",
    "hash": "e957ddeb17a9ea495970ed929ec129d522ff434f"
  },
  "/Users/kirillleontyev/Sites/redux-socket-provider/example/client/App.tsx": {
    "path": "/Users/kirillleontyev/Sites/redux-socket-provider/example/client/App.tsx",
    "statementMap": {
      "0": {
        "start": {
          "line": 2,
          "column": 19
        },
        "end": {
          "line": 8,
          "column": 1
        }
      },
      "1": {
        "start": {
          "line": 3,
          "column": 4
        },
        "end": {
          "line": 3,
          "column": 42
        }
      },
      "2": {
        "start": {
          "line": 3,
          "column": 31
        },
        "end": {
          "line": 3,
          "column": 42
        }
      },
      "3": {
        "start": {
          "line": 4,
          "column": 17
        },
        "end": {
          "line": 4,
          "column": 19
        }
      },
      "4": {
        "start": {
          "line": 5,
          "column": 4
        },
        "end": {
          "line": 5,
          "column": 99
        }
      },
      "5": {
        "start": {
          "line": 5,
          "column": 21
        },
        "end": {
          "line": 5,
          "column": 99
        }
      },
      "6": {
        "start": {
          "line": 5,
          "column": 40
        },
        "end": {
          "line": 5,
          "column": 99
        }
      },
      "7": {
        "start": {
          "line": 5,
          "column": 80
        },
        "end": {
          "line": 5,
          "column": 99
        }
      },
      "8": {
        "start": {
          "line": 6,
          "column": 4
        },
        "end": {
          "line": 6,
          "column": 28
        }
      },
      "9": {
        "start": {
          "line": 7,
          "column": 4
        },
        "end": {
          "line": 7,
          "column": 18
        }
      },
      "10": {
        "start": {
          "line": 9,
          "column": 0
        },
        "end": {
          "line": 9,
          "column": 62
        }
      },
      "11": {
        "start": {
          "line": 10,
          "column": 12
        },
        "end": {
          "line": 10,
          "column": 42
        }
      },
      "12": {
        "start": {
          "line": 11,
          "column": 20
        },
        "end": {
          "line": 11,
          "column": 42
        }
      },
      "13": {
        "start": {
          "line": 12,
          "column": 14
        },
        "end": {
          "line": 12,
          "column": 30
        }
      },
      "14": {
        "start": {
          "line": 13,
          "column": 25
        },
        "end": {
          "line": 13,
          "column": 52
        }
      },
      "15": {
        "start": {
          "line": 14,
          "column": 12
        },
        "end": {
          "line": 14,
          "column": 32
        }
      },
      "16": {
        "start": {
          "line": 15,
          "column": 17
        },
        "end": {
          "line": 15,
          "column": 38
        }
      },
      "17": {
        "start": {
          "line": 16,
          "column": 26
        },
        "end": {
          "line": 16,
          "column": 56
        }
      },
      "18": {
        "start": {
          "line": 17,
          "column": 16
        },
        "end": {
          "line": 17,
          "column": 36
        }
      },
      "19": {
        "start": {
          "line": 18,
          "column": 25
        },
        "end": {
          "line": 18,
          "column": 54
        }
      },
      "20": {
        "start": {
          "line": 19,
          "column": 22
        },
        "end": {
          "line": 19,
          "column": 48
        }
      },
      "21": {
        "start": {
          "line": 20,
          "column": 31
        },
        "end": {
          "line": 20,
          "column": 66
        }
      },
      "22": {
        "start": {
          "line": 21,
          "column": 16
        },
        "end": {
          "line": 21,
          "column": 36
        }
      },
      "23": {
        "start": {
          "line": 22,
          "column": 0
        },
        "end": {
          "line": 53,
          "column": 2
        }
      },
      "24": {
        "start": {
          "line": 23,
          "column": 16
        },
        "end": {
          "line": 23,
          "column": 54
        }
      },
      "25": {
        "start": {
          "line": 24,
          "column": 4
        },
        "end": {
          "line": 52,
          "column": 31
        }
      }
    },
    "fnMap": {
      "0": {
        "name": "(anonymous_0)",
        "decl": {
          "start": {
            "line": 2,
            "column": 50
          },
          "end": {
            "line": 2,
            "column": 51
          }
        },
        "loc": {
          "start": {
            "line": 2,
            "column": 65
          },
          "end": {
            "line": 8,
            "column": 1
          }
        },
        "line": 2
      },
      "1": {
        "name": "(anonymous_1)",
        "decl": {
          "start": {
            "line": 22,
            "column": 14
          },
          "end": {
            "line": 22,
            "column": 15
          }
        },
        "loc": {
          "start": {
            "line": 22,
            "column": 26
          },
          "end": {
            "line": 53,
            "column": 1
          }
        },
        "line": 22
      }
    },
    "branchMap": {
      "0": {
        "loc": {
          "start": {
            "line": 2,
            "column": 19
          },
          "end": {
            "line": 8,
            "column": 1
          }
        },
        "type": "binary-expr",
        "locations": [
          {
            "start": {
              "line": 2,
              "column": 20
            },
            "end": {
              "line": 2,
              "column": 24
            }
          },
          {
            "start": {
              "line": 2,
              "column": 28
            },
            "end": {
              "line": 2,
              "column": 45
            }
          },
          {
            "start": {
              "line": 2,
              "column": 50
            },
            "end": {
              "line": 8,
              "column": 1
            }
          }
        ],
        "line": 2
      },
      "1": {
        "loc": {
          "start": {
            "line": 3,
            "column": 4
          },
          "end": {
            "line": 3,
            "column": 42
          }
        },
        "type": "if",
        "locations": [
          {
            "start": {
              "line": 3,
              "column": 4
            },
            "end": {
              "line": 3,
              "column": 42
            }
          },
          {
            "start": {
              "line": 3,
              "column": 4
            },
            "end": {
              "line": 3,
              "column": 42
            }
          }
        ],
        "line": 3
      },
      "2": {
        "loc": {
          "start": {
            "line": 3,
            "column": 8
          },
          "end": {
            "line": 3,
            "column": 29
          }
        },
        "type": "binary-expr",
        "locations": [
          {
            "start": {
              "line": 3,
              "column": 8
            },
            "end": {
              "line": 3,
              "column": 11
            }
          },
          {
            "start": {
              "line": 3,
              "column": 15
            },
            "end": {
              "line": 3,
              "column": 29
            }
          }
        ],
        "line": 3
      },
      "3": {
        "loc": {
          "start": {
            "line": 5,
            "column": 4
          },
          "end": {
            "line": 5,
            "column": 99
          }
        },
        "type": "if",
        "locations": [
          {
            "start": {
              "line": 5,
              "column": 4
            },
            "end": {
              "line": 5,
              "column": 99
            }
          },
          {
            "start": {
              "line": 5,
              "column": 4
            },
            "end": {
              "line": 5,
              "column": 99
            }
          }
        ],
        "line": 5
      },
      "4": {
        "loc": {
          "start": {
            "line": 5,
            "column": 40
          },
          "end": {
            "line": 5,
            "column": 99
          }
        },
        "type": "if",
        "locations": [
          {
            "start": {
              "line": 5,
              "column": 40
            },
            "end": {
              "line": 5,
              "column": 99
            }
          },
          {
            "start": {
              "line": 5,
              "column": 40
            },
            "end": {
              "line": 5,
              "column": 99
            }
          }
        ],
        "line": 5
      }
    },
    "s": {
      "0": 48,
      "1": 48,
      "2": 0,
      "3": 48,
      "4": 48,
      "5": 48,
      "6": 1344,
      "7": 1344,
      "8": 48,
      "9": 48,
      "10": 48,
      "11": 48,
      "12": 48,
      "13": 48,
      "14": 48,
      "15": 48,
      "16": 48,
      "17": 48,
      "18": 48,
      "19": 48,
      "20": 48,
      "21": 48,
      "22": 48,
      "23": 48,
      "24": 48,
      "25": 48
    },
    "f": {
      "0": 48,
      "1": 48
    },
    "b": {
      "0": [
        48,
        48,
        48
      ],
      "1": [
        0,
        48
      ],
      "2": [
        48,
        48
      ],
      "3": [
        48,
        0
      ],
      "4": [
        1344,
        0
      ]
    },
    "_coverageSchema": "1a1c01bbd47fc00a2c39e90264f33305004495a9",
    "hash": "4d4367906eb9d1d5b0d279e6fbeefe962e5567c9"
  },
  "/Users/kirillleontyev/Sites/redux-socket-provider/example/client/SendData.tsx": {
    "path": "/Users/kirillleontyev/Sites/redux-socket-provider/example/client/SendData.tsx",
    "statementMap": {
      "0": {
        "start": {
          "line": 2,
          "column": 19
        },
        "end": {
          "line": 8,
          "column": 1
        }
      },
      "1": {
        "start": {
          "line": 3,
          "column": 4
        },
        "end": {
          "line": 3,
          "column": 42
        }
      },
      "2": {
        "start": {
          "line": 3,
          "column": 31
        },
        "end": {
          "line": 3,
          "column": 42
        }
      },
      "3": {
        "start": {
          "line": 4,
          "column": 17
        },
        "end": {
          "line": 4,
          "column": 19
        }
      },
      "4": {
        "start": {
          "line": 5,
          "column": 4
        },
        "end": {
          "line": 5,
          "column": 99
        }
      },
      "5": {
        "start": {
          "line": 5,
          "column": 21
        },
        "end": {
          "line": 5,
          "column": 99
        }
      },
      "6": {
        "start": {
          "line": 5,
          "column": 40
        },
        "end": {
          "line": 5,
          "column": 99
        }
      },
      "7": {
        "start": {
          "line": 5,
          "column": 80
        },
        "end": {
          "line": 5,
          "column": 99
        }
      },
      "8": {
        "start": {
          "line": 6,
          "column": 4
        },
        "end": {
          "line": 6,
          "column": 28
        }
      },
      "9": {
        "start": {
          "line": 7,
          "column": 4
        },
        "end": {
          "line": 7,
          "column": 18
        }
      },
      "10": {
        "start": {
          "line": 9,
          "column": 0
        },
        "end": {
          "line": 9,
          "column": 62
        }
      },
      "11": {
        "start": {
          "line": 10,
          "column": 12
        },
        "end": {
          "line": 10,
          "column": 42
        }
      },
      "12": {
        "start": {
          "line": 11,
          "column": 20
        },
        "end": {
          "line": 11,
          "column": 42
        }
      },
      "13": {
        "start": {
          "line": 12,
          "column": 12
        },
        "end": {
          "line": 12,
          "column": 32
        }
      },
      "14": {
        "start": {
          "line": 13,
          "column": 18
        },
        "end": {
          "line": 13,
          "column": 40
        }
      },
      "15": {
        "start": {
          "line": 14,
          "column": 0
        },
        "end": {
          "line": 29,
          "column": 2
        }
      },
      "16": {
        "start": {
          "line": 15,
          "column": 13
        },
        "end": {
          "line": 15,
          "column": 64
        }
      },
      "17": {
        "start": {
          "line": 15,
          "column": 73
        },
        "end": {
          "line": 15,
          "column": 80
        }
      },
      "18": {
        "start": {
          "line": 15,
          "column": 93
        },
        "end": {
          "line": 15,
          "column": 104
        }
      },
      "19": {
        "start": {
          "line": 15,
          "column": 118
        },
        "end": {
          "line": 15,
          "column": 130
        }
      },
      "20": {
        "start": {
          "line": 16,
          "column": 13
        },
        "end": {
          "line": 16,
          "column": 74
        }
      },
      "21": {
        "start": {
          "line": 16,
          "column": 58
        },
        "end": {
          "line": 16,
          "column": 71
        }
      },
      "22": {
        "start": {
          "line": 16,
          "column": 92
        },
        "end": {
          "line": 16,
          "column": 101
        }
      },
      "23": {
        "start": {
          "line": 16,
          "column": 124
        },
        "end": {
          "line": 16,
          "column": 136
        }
      },
      "24": {
        "start": {
          "line": 17,
          "column": 22
        },
        "end": {
          "line": 19,
          "column": 5
        }
      },
      "25": {
        "start": {
          "line": 18,
          "column": 8
        },
        "end": {
          "line": 18,
          "column": 43
        }
      },
      "26": {
        "start": {
          "line": 20,
          "column": 4
        },
        "end": {
          "line": 28,
          "column": 9
        }
      }
    },
    "fnMap": {
      "0": {
        "name": "(anonymous_0)",
        "decl": {
          "start": {
            "line": 2,
            "column": 50
          },
          "end": {
            "line": 2,
            "column": 51
          }
        },
        "loc": {
          "start": {
            "line": 2,
            "column": 65
          },
          "end": {
            "line": 8,
            "column": 1
          }
        },
        "line": 2
      },
      "1": {
        "name": "(anonymous_1)",
        "decl": {
          "start": {
            "line": 14,
            "column": 19
          },
          "end": {
            "line": 14,
            "column": 20
          }
        },
        "loc": {
          "start": {
            "line": 14,
            "column": 31
          },
          "end": {
            "line": 29,
            "column": 1
          }
        },
        "line": 14
      },
      "2": {
        "name": "(anonymous_2)",
        "decl": {
          "start": {
            "line": 16,
            "column": 39
          },
          "end": {
            "line": 16,
            "column": 40
          }
        },
        "loc": {
          "start": {
            "line": 16,
            "column": 56
          },
          "end": {
            "line": 16,
            "column": 73
          }
        },
        "line": 16
      },
      "3": {
        "name": "(anonymous_3)",
        "decl": {
          "start": {
            "line": 17,
            "column": 22
          },
          "end": {
            "line": 17,
            "column": 23
          }
        },
        "loc": {
          "start": {
            "line": 17,
            "column": 43
          },
          "end": {
            "line": 19,
            "column": 5
          }
        },
        "line": 17
      }
    },
    "branchMap": {
      "0": {
        "loc": {
          "start": {
            "line": 2,
            "column": 19
          },
          "end": {
            "line": 8,
            "column": 1
          }
        },
        "type": "binary-expr",
        "locations": [
          {
            "start": {
              "line": 2,
              "column": 20
            },
            "end": {
              "line": 2,
              "column": 24
            }
          },
          {
            "start": {
              "line": 2,
              "column": 28
            },
            "end": {
              "line": 2,
              "column": 45
            }
          },
          {
            "start": {
              "line": 2,
              "column": 50
            },
            "end": {
              "line": 8,
              "column": 1
            }
          }
        ],
        "line": 2
      },
      "1": {
        "loc": {
          "start": {
            "line": 3,
            "column": 4
          },
          "end": {
            "line": 3,
            "column": 42
          }
        },
        "type": "if",
        "locations": [
          {
            "start": {
              "line": 3,
              "column": 4
            },
            "end": {
              "line": 3,
              "column": 42
            }
          },
          {
            "start": {
              "line": 3,
              "column": 4
            },
            "end": {
              "line": 3,
              "column": 42
            }
          }
        ],
        "line": 3
      },
      "2": {
        "loc": {
          "start": {
            "line": 3,
            "column": 8
          },
          "end": {
            "line": 3,
            "column": 29
          }
        },
        "type": "binary-expr",
        "locations": [
          {
            "start": {
              "line": 3,
              "column": 8
            },
            "end": {
              "line": 3,
              "column": 11
            }
          },
          {
            "start": {
              "line": 3,
              "column": 15
            },
            "end": {
              "line": 3,
              "column": 29
            }
          }
        ],
        "line": 3
      },
      "3": {
        "loc": {
          "start": {
            "line": 5,
            "column": 4
          },
          "end": {
            "line": 5,
            "column": 99
          }
        },
        "type": "if",
        "locations": [
          {
            "start": {
              "line": 5,
              "column": 4
            },
            "end": {
              "line": 5,
              "column": 99
            }
          },
          {
            "start": {
              "line": 5,
              "column": 4
            },
            "end": {
              "line": 5,
              "column": 99
            }
          }
        ],
        "line": 5
      },
      "4": {
        "loc": {
          "start": {
            "line": 5,
            "column": 40
          },
          "end": {
            "line": 5,
            "column": 99
          }
        },
        "type": "if",
        "locations": [
          {
            "start": {
              "line": 5,
              "column": 40
            },
            "end": {
              "line": 5,
              "column": 99
            }
          },
          {
            "start": {
              "line": 5,
              "column": 40
            },
            "end": {
              "line": 5,
              "column": 99
            }
          }
        ],
        "line": 5
      },
      "5": {
        "loc": {
          "start": {
            "line": 21,
            "column": 7
          },
          "end": {
            "line": 21,
            "column": 87
          }
        },
        "type": "cond-expr",
        "locations": [
          {
            "start": {
              "line": 21,
              "column": 28
            },
            "end": {
              "line": 21,
              "column": 80
            }
          },
          {
            "start": {
              "line": 21,
              "column": 83
            },
            "end": {
              "line": 21,
              "column": 87
            }
          }
        ],
        "line": 21
      },
      "6": {
        "loc": {
          "start": {
            "line": 22,
            "column": 7
          },
          "end": {
            "line": 22,
            "column": 91
          }
        },
        "type": "cond-expr",
        "locations": [
          {
            "start": {
              "line": 22,
              "column": 23
            },
            "end": {
              "line": 22,
              "column": 84
            }
          },
          {
            "start": {
              "line": 22,
              "column": 87
            },
            "end": {
              "line": 22,
              "column": 91
            }
          }
        ],
        "line": 22
      },
      "7": {
        "loc": {
          "start": {
            "line": 24,
            "column": 7
          },
          "end": {
            "line": 24,
            "column": 77
          }
        },
        "type": "cond-expr",
        "locations": [
          {
            "start": {
              "line": 24,
              "column": 19
            },
            "end": {
              "line": 24,
              "column": 70
            }
          },
          {
            "start": {
              "line": 24,
              "column": 73
            },
            "end": {
              "line": 24,
              "column": 77
            }
          }
        ],
        "line": 24
      },
      "8": {
        "loc": {
          "start": {
            "line": 25,
            "column": 7
          },
          "end": {
            "line": 25,
            "column": 72
          }
        },
        "type": "cond-expr",
        "locations": [
          {
            "start": {
              "line": 25,
              "column": 14
            },
            "end": {
              "line": 25,
              "column": 65
            }
          },
          {
            "start": {
              "line": 25,
              "column": 68
            },
            "end": {
              "line": 25,
              "column": 72
            }
          }
        ],
        "line": 25
      }
    },
    "s": {
      "0": 48,
      "1": 48,
      "2": 0,
      "3": 48,
      "4": 48,
      "5": 48,
      "6": 1344,
      "7": 1344,
      "8": 48,
      "9": 48,
      "10": 48,
      "11": 48,
      "12": 48,
      "13": 48,
      "14": 48,
      "15": 48,
      "16": 40,
      "17": 40,
      "18": 40,
      "19": 40,
      "20": 40,
      "21": 64,
      "22": 40,
      "23": 40,
      "24": 40,
      "25": 8,
      "26": 40
    },
    "f": {
      "0": 48,
      "1": 40,
      "2": 64,
      "3": 8
    },
    "b": {
      "0": [
        48,
        48,
        48
      ],
      "1": [
        0,
        48
      ],
      "2": [
        48,
        48
      ],
      "3": [
        48,
        0
      ],
      "4": [
        1344,
        0
      ],
      "5": [
        16,
        24
      ],
      "6": [
        16,
        24
      ],
      "7": [
        8,
        32
      ],
      "8": [
        8,
        32
      ]
    },
    "_coverageSchema": "1a1c01bbd47fc00a2c39e90264f33305004495a9",
    "hash": "ae22b1caa2375d332e41a5d6b96c7572c95ffb0b"
  },
  "/Users/kirillleontyev/Sites/redux-socket-provider/example/client/constants.ts": {
    "path": "/Users/kirillleontyev/Sites/redux-socket-provider/example/client/constants.ts",
    "statementMap": {
      "0": {
        "start": {
          "line": 2,
          "column": 0
        },
        "end": {
          "line": 2,
          "column": 62
        }
      },
      "1": {
        "start": {
          "line": 3,
          "column": 0
        },
        "end": {
          "line": 10,
          "column": 2
        }
      }
    },
    "fnMap": {},
    "branchMap": {},
    "s": {
      "0": 48,
      "1": 48
    },
    "f": {},
    "b": {},
    "_coverageSchema": "1a1c01bbd47fc00a2c39e90264f33305004495a9",
    "hash": "3866b1a1439be499c8b1ea661791e524bd40249b"
  },
  "/Users/kirillleontyev/Sites/redux-socket-provider/example/client/SendDataWithError.tsx": {
    "path": "/Users/kirillleontyev/Sites/redux-socket-provider/example/client/SendDataWithError.tsx",
    "statementMap": {
      "0": {
        "start": {
          "line": 2,
          "column": 19
        },
        "end": {
          "line": 8,
          "column": 1
        }
      },
      "1": {
        "start": {
          "line": 3,
          "column": 4
        },
        "end": {
          "line": 3,
          "column": 42
        }
      },
      "2": {
        "start": {
          "line": 3,
          "column": 31
        },
        "end": {
          "line": 3,
          "column": 42
        }
      },
      "3": {
        "start": {
          "line": 4,
          "column": 17
        },
        "end": {
          "line": 4,
          "column": 19
        }
      },
      "4": {
        "start": {
          "line": 5,
          "column": 4
        },
        "end": {
          "line": 5,
          "column": 99
        }
      },
      "5": {
        "start": {
          "line": 5,
          "column": 21
        },
        "end": {
          "line": 5,
          "column": 99
        }
      },
      "6": {
        "start": {
          "line": 5,
          "column": 40
        },
        "end": {
          "line": 5,
          "column": 99
        }
      },
      "7": {
        "start": {
          "line": 5,
          "column": 80
        },
        "end": {
          "line": 5,
          "column": 99
        }
      },
      "8": {
        "start": {
          "line": 6,
          "column": 4
        },
        "end": {
          "line": 6,
          "column": 28
        }
      },
      "9": {
        "start": {
          "line": 7,
          "column": 4
        },
        "end": {
          "line": 7,
          "column": 18
        }
      },
      "10": {
        "start": {
          "line": 9,
          "column": 0
        },
        "end": {
          "line": 9,
          "column": 62
        }
      },
      "11": {
        "start": {
          "line": 10,
          "column": 12
        },
        "end": {
          "line": 10,
          "column": 42
        }
      },
      "12": {
        "start": {
          "line": 11,
          "column": 12
        },
        "end": {
          "line": 11,
          "column": 32
        }
      },
      "13": {
        "start": {
          "line": 12,
          "column": 18
        },
        "end": {
          "line": 12,
          "column": 40
        }
      },
      "14": {
        "start": {
          "line": 13,
          "column": 0
        },
        "end": {
          "line": 25,
          "column": 2
        }
      },
      "15": {
        "start": {
          "line": 14,
          "column": 13
        },
        "end": {
          "line": 14,
          "column": 75
        }
      },
      "16": {
        "start": {
          "line": 14,
          "column": 85
        },
        "end": {
          "line": 14,
          "column": 93
        }
      },
      "17": {
        "start": {
          "line": 14,
          "column": 106
        },
        "end": {
          "line": 14,
          "column": 117
        }
      },
      "18": {
        "start": {
          "line": 14,
          "column": 131
        },
        "end": {
          "line": 14,
          "column": 143
        }
      },
      "19": {
        "start": {
          "line": 15,
          "column": 22
        },
        "end": {
          "line": 17,
          "column": 5
        }
      },
      "20": {
        "start": {
          "line": 16,
          "column": 8
        },
        "end": {
          "line": 16,
          "column": 43
        }
      },
      "21": {
        "start": {
          "line": 18,
          "column": 4
        },
        "end": {
          "line": 24,
          "column": 9
        }
      }
    },
    "fnMap": {
      "0": {
        "name": "(anonymous_0)",
        "decl": {
          "start": {
            "line": 2,
            "column": 50
          },
          "end": {
            "line": 2,
            "column": 51
          }
        },
        "loc": {
          "start": {
            "line": 2,
            "column": 65
          },
          "end": {
            "line": 8,
            "column": 1
          }
        },
        "line": 2
      },
      "1": {
        "name": "(anonymous_1)",
        "decl": {
          "start": {
            "line": 13,
            "column": 28
          },
          "end": {
            "line": 13,
            "column": 29
          }
        },
        "loc": {
          "start": {
            "line": 13,
            "column": 40
          },
          "end": {
            "line": 25,
            "column": 1
          }
        },
        "line": 13
      },
      "2": {
        "name": "(anonymous_2)",
        "decl": {
          "start": {
            "line": 15,
            "column": 22
          },
          "end": {
            "line": 15,
            "column": 23
          }
        },
        "loc": {
          "start": {
            "line": 15,
            "column": 43
          },
          "end": {
            "line": 17,
            "column": 5
          }
        },
        "line": 15
      }
    },
    "branchMap": {
      "0": {
        "loc": {
          "start": {
            "line": 2,
            "column": 19
          },
          "end": {
            "line": 8,
            "column": 1
          }
        },
        "type": "binary-expr",
        "locations": [
          {
            "start": {
              "line": 2,
              "column": 20
            },
            "end": {
              "line": 2,
              "column": 24
            }
          },
          {
            "start": {
              "line": 2,
              "column": 28
            },
            "end": {
              "line": 2,
              "column": 45
            }
          },
          {
            "start": {
              "line": 2,
              "column": 50
            },
            "end": {
              "line": 8,
              "column": 1
            }
          }
        ],
        "line": 2
      },
      "1": {
        "loc": {
          "start": {
            "line": 3,
            "column": 4
          },
          "end": {
            "line": 3,
            "column": 42
          }
        },
        "type": "if",
        "locations": [
          {
            "start": {
              "line": 3,
              "column": 4
            },
            "end": {
              "line": 3,
              "column": 42
            }
          },
          {
            "start": {
              "line": 3,
              "column": 4
            },
            "end": {
              "line": 3,
              "column": 42
            }
          }
        ],
        "line": 3
      },
      "2": {
        "loc": {
          "start": {
            "line": 3,
            "column": 8
          },
          "end": {
            "line": 3,
            "column": 29
          }
        },
        "type": "binary-expr",
        "locations": [
          {
            "start": {
              "line": 3,
              "column": 8
            },
            "end": {
              "line": 3,
              "column": 11
            }
          },
          {
            "start": {
              "line": 3,
              "column": 15
            },
            "end": {
              "line": 3,
              "column": 29
            }
          }
        ],
        "line": 3
      },
      "3": {
        "loc": {
          "start": {
            "line": 5,
            "column": 4
          },
          "end": {
            "line": 5,
            "column": 99
          }
        },
        "type": "if",
        "locations": [
          {
            "start": {
              "line": 5,
              "column": 4
            },
            "end": {
              "line": 5,
              "column": 99
            }
          },
          {
            "start": {
              "line": 5,
              "column": 4
            },
            "end": {
              "line": 5,
              "column": 99
            }
          }
        ],
        "line": 5
      },
      "4": {
        "loc": {
          "start": {
            "line": 5,
            "column": 40
          },
          "end": {
            "line": 5,
            "column": 99
          }
        },
        "type": "if",
        "locations": [
          {
            "start": {
              "line": 5,
              "column": 40
            },
            "end": {
              "line": 5,
              "column": 99
            }
          },
          {
            "start": {
              "line": 5,
              "column": 40
            },
            "end": {
              "line": 5,
              "column": 99
            }
          }
        ],
        "line": 5
      },
      "5": {
        "loc": {
          "start": {
            "line": 19,
            "column": 7
          },
          "end": {
            "line": 19,
            "column": 67
          }
        },
        "type": "cond-expr",
        "locations": [
          {
            "start": {
              "line": 19,
              "column": 19
            },
            "end": {
              "line": 19,
              "column": 60
            }
          },
          {
            "start": {
              "line": 19,
              "column": 63
            },
            "end": {
              "line": 19,
              "column": 67
            }
          }
        ],
        "line": 19
      },
      "6": {
        "loc": {
          "start": {
            "line": 21,
            "column": 7
          },
          "end": {
            "line": 21,
            "column": 56
          }
        },
        "type": "cond-expr",
        "locations": [
          {
            "start": {
              "line": 21,
              "column": 15
            },
            "end": {
              "line": 21,
              "column": 49
            }
          },
          {
            "start": {
              "line": 21,
              "column": 52
            },
            "end": {
              "line": 21,
              "column": 56
            }
          }
        ],
        "line": 21
      }
    },
    "s": {
      "0": 48,
      "1": 48,
      "2": 0,
      "3": 48,
      "4": 48,
      "5": 48,
      "6": 1344,
      "7": 1344,
      "8": 48,
      "9": 48,
      "10": 48,
      "11": 48,
      "12": 48,
      "13": 48,
      "14": 48,
      "15": 32,
      "16": 32,
      "17": 32,
      "18": 32,
      "19": 32,
      "20": 8,
      "21": 32
    },
    "f": {
      "0": 48,
      "1": 32,
      "2": 8
    },
    "b": {
      "0": [
        48,
        48,
        48
      ],
      "1": [
        0,
        48
      ],
      "2": [
        48,
        48
      ],
      "3": [
        48,
        0
      ],
      "4": [
        1344,
        0
      ],
      "5": [
        8,
        24
      ],
      "6": [
        8,
        24
      ]
    },
    "_coverageSchema": "1a1c01bbd47fc00a2c39e90264f33305004495a9",
    "hash": "30c5ccc53295e3f9c70a984ac421388fe5539850"
  },
  "/Users/kirillleontyev/Sites/redux-socket-provider/example/client/GetData.tsx": {
    "path": "/Users/kirillleontyev/Sites/redux-socket-provider/example/client/GetData.tsx",
    "statementMap": {
      "0": {
        "start": {
          "line": 2,
          "column": 19
        },
        "end": {
          "line": 8,
          "column": 1
        }
      },
      "1": {
        "start": {
          "line": 3,
          "column": 4
        },
        "end": {
          "line": 3,
          "column": 42
        }
      },
      "2": {
        "start": {
          "line": 3,
          "column": 31
        },
        "end": {
          "line": 3,
          "column": 42
        }
      },
      "3": {
        "start": {
          "line": 4,
          "column": 17
        },
        "end": {
          "line": 4,
          "column": 19
        }
      },
      "4": {
        "start": {
          "line": 5,
          "column": 4
        },
        "end": {
          "line": 5,
          "column": 99
        }
      },
      "5": {
        "start": {
          "line": 5,
          "column": 21
        },
        "end": {
          "line": 5,
          "column": 99
        }
      },
      "6": {
        "start": {
          "line": 5,
          "column": 40
        },
        "end": {
          "line": 5,
          "column": 99
        }
      },
      "7": {
        "start": {
          "line": 5,
          "column": 80
        },
        "end": {
          "line": 5,
          "column": 99
        }
      },
      "8": {
        "start": {
          "line": 6,
          "column": 4
        },
        "end": {
          "line": 6,
          "column": 28
        }
      },
      "9": {
        "start": {
          "line": 7,
          "column": 4
        },
        "end": {
          "line": 7,
          "column": 18
        }
      },
      "10": {
        "start": {
          "line": 9,
          "column": 0
        },
        "end": {
          "line": 9,
          "column": 62
        }
      },
      "11": {
        "start": {
          "line": 10,
          "column": 12
        },
        "end": {
          "line": 10,
          "column": 42
        }
      },
      "12": {
        "start": {
          "line": 11,
          "column": 20
        },
        "end": {
          "line": 11,
          "column": 42
        }
      },
      "13": {
        "start": {
          "line": 12,
          "column": 12
        },
        "end": {
          "line": 12,
          "column": 32
        }
      },
      "14": {
        "start": {
          "line": 13,
          "column": 18
        },
        "end": {
          "line": 13,
          "column": 40
        }
      },
      "15": {
        "start": {
          "line": 14,
          "column": 0
        },
        "end": {
          "line": 24,
          "column": 2
        }
      },
      "16": {
        "start": {
          "line": 15,
          "column": 13
        },
        "end": {
          "line": 15,
          "column": 60
        }
      },
      "17": {
        "start": {
          "line": 15,
          "column": 69
        },
        "end": {
          "line": 15,
          "column": 76
        }
      },
      "18": {
        "start": {
          "line": 15,
          "column": 90
        },
        "end": {
          "line": 15,
          "column": 102
        }
      },
      "19": {
        "start": {
          "line": 16,
          "column": 13
        },
        "end": {
          "line": 16,
          "column": 74
        }
      },
      "20": {
        "start": {
          "line": 16,
          "column": 58
        },
        "end": {
          "line": 16,
          "column": 71
        }
      },
      "21": {
        "start": {
          "line": 16,
          "column": 92
        },
        "end": {
          "line": 16,
          "column": 101
        }
      },
      "22": {
        "start": {
          "line": 16,
          "column": 124
        },
        "end": {
          "line": 16,
          "column": 136
        }
      },
      "23": {
        "start": {
          "line": 17,
          "column": 4
        },
        "end": {
          "line": 23,
          "column": 9
        }
      }
    },
    "fnMap": {
      "0": {
        "name": "(anonymous_0)",
        "decl": {
          "start": {
            "line": 2,
            "column": 50
          },
          "end": {
            "line": 2,
            "column": 51
          }
        },
        "loc": {
          "start": {
            "line": 2,
            "column": 65
          },
          "end": {
            "line": 8,
            "column": 1
          }
        },
        "line": 2
      },
      "1": {
        "name": "(anonymous_1)",
        "decl": {
          "start": {
            "line": 14,
            "column": 18
          },
          "end": {
            "line": 14,
            "column": 19
          }
        },
        "loc": {
          "start": {
            "line": 14,
            "column": 30
          },
          "end": {
            "line": 24,
            "column": 1
          }
        },
        "line": 14
      },
      "2": {
        "name": "(anonymous_2)",
        "decl": {
          "start": {
            "line": 16,
            "column": 39
          },
          "end": {
            "line": 16,
            "column": 40
          }
        },
        "loc": {
          "start": {
            "line": 16,
            "column": 56
          },
          "end": {
            "line": 16,
            "column": 73
          }
        },
        "line": 16
      }
    },
    "branchMap": {
      "0": {
        "loc": {
          "start": {
            "line": 2,
            "column": 19
          },
          "end": {
            "line": 8,
            "column": 1
          }
        },
        "type": "binary-expr",
        "locations": [
          {
            "start": {
              "line": 2,
              "column": 20
            },
            "end": {
              "line": 2,
              "column": 24
            }
          },
          {
            "start": {
              "line": 2,
              "column": 28
            },
            "end": {
              "line": 2,
              "column": 45
            }
          },
          {
            "start": {
              "line": 2,
              "column": 50
            },
            "end": {
              "line": 8,
              "column": 1
            }
          }
        ],
        "line": 2
      },
      "1": {
        "loc": {
          "start": {
            "line": 3,
            "column": 4
          },
          "end": {
            "line": 3,
            "column": 42
          }
        },
        "type": "if",
        "locations": [
          {
            "start": {
              "line": 3,
              "column": 4
            },
            "end": {
              "line": 3,
              "column": 42
            }
          },
          {
            "start": {
              "line": 3,
              "column": 4
            },
            "end": {
              "line": 3,
              "column": 42
            }
          }
        ],
        "line": 3
      },
      "2": {
        "loc": {
          "start": {
            "line": 3,
            "column": 8
          },
          "end": {
            "line": 3,
            "column": 29
          }
        },
        "type": "binary-expr",
        "locations": [
          {
            "start": {
              "line": 3,
              "column": 8
            },
            "end": {
              "line": 3,
              "column": 11
            }
          },
          {
            "start": {
              "line": 3,
              "column": 15
            },
            "end": {
              "line": 3,
              "column": 29
            }
          }
        ],
        "line": 3
      },
      "3": {
        "loc": {
          "start": {
            "line": 5,
            "column": 4
          },
          "end": {
            "line": 5,
            "column": 99
          }
        },
        "type": "if",
        "locations": [
          {
            "start": {
              "line": 5,
              "column": 4
            },
            "end": {
              "line": 5,
              "column": 99
            }
          },
          {
            "start": {
              "line": 5,
              "column": 4
            },
            "end": {
              "line": 5,
              "column": 99
            }
          }
        ],
        "line": 5
      },
      "4": {
        "loc": {
          "start": {
            "line": 5,
            "column": 40
          },
          "end": {
            "line": 5,
            "column": 99
          }
        },
        "type": "if",
        "locations": [
          {
            "start": {
              "line": 5,
              "column": 40
            },
            "end": {
              "line": 5,
              "column": 99
            }
          },
          {
            "start": {
              "line": 5,
              "column": 40
            },
            "end": {
              "line": 5,
              "column": 99
            }
          }
        ],
        "line": 5
      },
      "5": {
        "loc": {
          "start": {
            "line": 18,
            "column": 7
          },
          "end": {
            "line": 18,
            "column": 98
          }
        },
        "type": "cond-expr",
        "locations": [
          {
            "start": {
              "line": 18,
              "column": 28
            },
            "end": {
              "line": 18,
              "column": 91
            }
          },
          {
            "start": {
              "line": 18,
              "column": 94
            },
            "end": {
              "line": 18,
              "column": 98
            }
          }
        ],
        "line": 18
      },
      "6": {
        "loc": {
          "start": {
            "line": 19,
            "column": 7
          },
          "end": {
            "line": 19,
            "column": 87
          }
        },
        "type": "cond-expr",
        "locations": [
          {
            "start": {
              "line": 19,
              "column": 23
            },
            "end": {
              "line": 19,
              "column": 80
            }
          },
          {
            "start": {
              "line": 19,
              "column": 83
            },
            "end": {
              "line": 19,
              "column": 87
            }
          }
        ],
        "line": 19
      },
      "7": {
        "loc": {
          "start": {
            "line": 21,
            "column": 7
          },
          "end": {
            "line": 21,
            "column": 77
          }
        },
        "type": "cond-expr",
        "locations": [
          {
            "start": {
              "line": 21,
              "column": 19
            },
            "end": {
              "line": 21,
              "column": 70
            }
          },
          {
            "start": {
              "line": 21,
              "column": 73
            },
            "end": {
              "line": 21,
              "column": 77
            }
          }
        ],
        "line": 21
      },
      "8": {
        "loc": {
          "start": {
            "line": 22,
            "column": 7
          },
          "end": {
            "line": 22,
            "column": 68
          }
        },
        "type": "cond-expr",
        "locations": [
          {
            "start": {
              "line": 22,
              "column": 14
            },
            "end": {
              "line": 22,
              "column": 61
            }
          },
          {
            "start": {
              "line": 22,
              "column": 64
            },
            "end": {
              "line": 22,
              "column": 68
            }
          }
        ],
        "line": 22
      }
    },
    "s": {
      "0": 48,
      "1": 48,
      "2": 0,
      "3": 48,
      "4": 48,
      "5": 48,
      "6": 1344,
      "7": 1344,
      "8": 48,
      "9": 48,
      "10": 48,
      "11": 48,
      "12": 48,
      "13": 48,
      "14": 48,
      "15": 48,
      "16": 40,
      "17": 40,
      "18": 40,
      "19": 40,
      "20": 72,
      "21": 40,
      "22": 40,
      "23": 40
    },
    "f": {
      "0": 48,
      "1": 40,
      "2": 72
    },
    "b": {
      "0": [
        48,
        48,
        48
      ],
      "1": [
        0,
        48
      ],
      "2": [
        48,
        48
      ],
      "3": [
        48,
        0
      ],
      "4": [
        1344,
        0
      ],
      "5": [
        16,
        24
      ],
      "6": [
        16,
        24
      ],
      "7": [
        8,
        32
      ],
      "8": [
        8,
        32
      ]
    },
    "_coverageSchema": "1a1c01bbd47fc00a2c39e90264f33305004495a9",
    "hash": "08cb3c9af9665dc8a14c9d75d05d970fe64055e5"
  },
  "/Users/kirillleontyev/Sites/redux-socket-provider/example/client/GetDataWithError.tsx": {
    "path": "/Users/kirillleontyev/Sites/redux-socket-provider/example/client/GetDataWithError.tsx",
    "statementMap": {
      "0": {
        "start": {
          "line": 2,
          "column": 19
        },
        "end": {
          "line": 8,
          "column": 1
        }
      },
      "1": {
        "start": {
          "line": 3,
          "column": 4
        },
        "end": {
          "line": 3,
          "column": 42
        }
      },
      "2": {
        "start": {
          "line": 3,
          "column": 31
        },
        "end": {
          "line": 3,
          "column": 42
        }
      },
      "3": {
        "start": {
          "line": 4,
          "column": 17
        },
        "end": {
          "line": 4,
          "column": 19
        }
      },
      "4": {
        "start": {
          "line": 5,
          "column": 4
        },
        "end": {
          "line": 5,
          "column": 99
        }
      },
      "5": {
        "start": {
          "line": 5,
          "column": 21
        },
        "end": {
          "line": 5,
          "column": 99
        }
      },
      "6": {
        "start": {
          "line": 5,
          "column": 40
        },
        "end": {
          "line": 5,
          "column": 99
        }
      },
      "7": {
        "start": {
          "line": 5,
          "column": 80
        },
        "end": {
          "line": 5,
          "column": 99
        }
      },
      "8": {
        "start": {
          "line": 6,
          "column": 4
        },
        "end": {
          "line": 6,
          "column": 28
        }
      },
      "9": {
        "start": {
          "line": 7,
          "column": 4
        },
        "end": {
          "line": 7,
          "column": 18
        }
      },
      "10": {
        "start": {
          "line": 9,
          "column": 0
        },
        "end": {
          "line": 9,
          "column": 62
        }
      },
      "11": {
        "start": {
          "line": 10,
          "column": 12
        },
        "end": {
          "line": 10,
          "column": 42
        }
      },
      "12": {
        "start": {
          "line": 11,
          "column": 12
        },
        "end": {
          "line": 11,
          "column": 32
        }
      },
      "13": {
        "start": {
          "line": 12,
          "column": 18
        },
        "end": {
          "line": 12,
          "column": 40
        }
      },
      "14": {
        "start": {
          "line": 13,
          "column": 0
        },
        "end": {
          "line": 19,
          "column": 2
        }
      },
      "15": {
        "start": {
          "line": 14,
          "column": 13
        },
        "end": {
          "line": 14,
          "column": 71
        }
      },
      "16": {
        "start": {
          "line": 14,
          "column": 81
        },
        "end": {
          "line": 14,
          "column": 89
        }
      },
      "17": {
        "start": {
          "line": 14,
          "column": 103
        },
        "end": {
          "line": 14,
          "column": 115
        }
      },
      "18": {
        "start": {
          "line": 15,
          "column": 4
        },
        "end": {
          "line": 18,
          "column": 9
        }
      }
    },
    "fnMap": {
      "0": {
        "name": "(anonymous_0)",
        "decl": {
          "start": {
            "line": 2,
            "column": 50
          },
          "end": {
            "line": 2,
            "column": 51
          }
        },
        "loc": {
          "start": {
            "line": 2,
            "column": 65
          },
          "end": {
            "line": 8,
            "column": 1
          }
        },
        "line": 2
      },
      "1": {
        "name": "(anonymous_1)",
        "decl": {
          "start": {
            "line": 13,
            "column": 27
          },
          "end": {
            "line": 13,
            "column": 28
          }
        },
        "loc": {
          "start": {
            "line": 13,
            "column": 39
          },
          "end": {
            "line": 19,
            "column": 1
          }
        },
        "line": 13
      }
    },
    "branchMap": {
      "0": {
        "loc": {
          "start": {
            "line": 2,
            "column": 19
          },
          "end": {
            "line": 8,
            "column": 1
          }
        },
        "type": "binary-expr",
        "locations": [
          {
            "start": {
              "line": 2,
              "column": 20
            },
            "end": {
              "line": 2,
              "column": 24
            }
          },
          {
            "start": {
              "line": 2,
              "column": 28
            },
            "end": {
              "line": 2,
              "column": 45
            }
          },
          {
            "start": {
              "line": 2,
              "column": 50
            },
            "end": {
              "line": 8,
              "column": 1
            }
          }
        ],
        "line": 2
      },
      "1": {
        "loc": {
          "start": {
            "line": 3,
            "column": 4
          },
          "end": {
            "line": 3,
            "column": 42
          }
        },
        "type": "if",
        "locations": [
          {
            "start": {
              "line": 3,
              "column": 4
            },
            "end": {
              "line": 3,
              "column": 42
            }
          },
          {
            "start": {
              "line": 3,
              "column": 4
            },
            "end": {
              "line": 3,
              "column": 42
            }
          }
        ],
        "line": 3
      },
      "2": {
        "loc": {
          "start": {
            "line": 3,
            "column": 8
          },
          "end": {
            "line": 3,
            "column": 29
          }
        },
        "type": "binary-expr",
        "locations": [
          {
            "start": {
              "line": 3,
              "column": 8
            },
            "end": {
              "line": 3,
              "column": 11
            }
          },
          {
            "start": {
              "line": 3,
              "column": 15
            },
            "end": {
              "line": 3,
              "column": 29
            }
          }
        ],
        "line": 3
      },
      "3": {
        "loc": {
          "start": {
            "line": 5,
            "column": 4
          },
          "end": {
            "line": 5,
            "column": 99
          }
        },
        "type": "if",
        "locations": [
          {
            "start": {
              "line": 5,
              "column": 4
            },
            "end": {
              "line": 5,
              "column": 99
            }
          },
          {
            "start": {
              "line": 5,
              "column": 4
            },
            "end": {
              "line": 5,
              "column": 99
            }
          }
        ],
        "line": 5
      },
      "4": {
        "loc": {
          "start": {
            "line": 5,
            "column": 40
          },
          "end": {
            "line": 5,
            "column": 99
          }
        },
        "type": "if",
        "locations": [
          {
            "start": {
              "line": 5,
              "column": 40
            },
            "end": {
              "line": 5,
              "column": 99
            }
          },
          {
            "start": {
              "line": 5,
              "column": 40
            },
            "end": {
              "line": 5,
              "column": 99
            }
          }
        ],
        "line": 5
      },
      "5": {
        "loc": {
          "start": {
            "line": 16,
            "column": 7
          },
          "end": {
            "line": 16,
            "column": 77
          }
        },
        "type": "cond-expr",
        "locations": [
          {
            "start": {
              "line": 16,
              "column": 19
            },
            "end": {
              "line": 16,
              "column": 70
            }
          },
          {
            "start": {
              "line": 16,
              "column": 73
            },
            "end": {
              "line": 16,
              "column": 77
            }
          }
        ],
        "line": 16
      },
      "6": {
        "loc": {
          "start": {
            "line": 17,
            "column": 7
          },
          "end": {
            "line": 17,
            "column": 66
          }
        },
        "type": "cond-expr",
        "locations": [
          {
            "start": {
              "line": 17,
              "column": 15
            },
            "end": {
              "line": 17,
              "column": 59
            }
          },
          {
            "start": {
              "line": 17,
              "column": 62
            },
            "end": {
              "line": 17,
              "column": 66
            }
          }
        ],
        "line": 17
      }
    },
    "s": {
      "0": 48,
      "1": 48,
      "2": 0,
      "3": 48,
      "4": 48,
      "5": 48,
      "6": 1344,
      "7": 1344,
      "8": 48,
      "9": 48,
      "10": 48,
      "11": 48,
      "12": 48,
      "13": 48,
      "14": 48,
      "15": 32,
      "16": 32,
      "17": 32,
      "18": 32
    },
    "f": {
      "0": 48,
      "1": 32
    },
    "b": {
      "0": [
        48,
        48,
        48
      ],
      "1": [
        0,
        48
      ],
      "2": [
        48,
        48
      ],
      "3": [
        48,
        0
      ],
      "4": [
        1344,
        0
      ],
      "5": [
        8,
        24
      ],
      "6": [
        8,
        24
      ]
    },
    "_coverageSchema": "1a1c01bbd47fc00a2c39e90264f33305004495a9",
    "hash": "66b53f52d0f2d46f590c1653a0fcf94ff4ecc6f8"
  },
  "/Users/kirillleontyev/Sites/redux-socket-provider/example/client/ListenMessage.tsx": {
    "path": "/Users/kirillleontyev/Sites/redux-socket-provider/example/client/ListenMessage.tsx",
    "statementMap": {
      "0": {
        "start": {
          "line": 2,
          "column": 19
        },
        "end": {
          "line": 8,
          "column": 1
        }
      },
      "1": {
        "start": {
          "line": 3,
          "column": 4
        },
        "end": {
          "line": 3,
          "column": 42
        }
      },
      "2": {
        "start": {
          "line": 3,
          "column": 31
        },
        "end": {
          "line": 3,
          "column": 42
        }
      },
      "3": {
        "start": {
          "line": 4,
          "column": 17
        },
        "end": {
          "line": 4,
          "column": 19
        }
      },
      "4": {
        "start": {
          "line": 5,
          "column": 4
        },
        "end": {
          "line": 5,
          "column": 99
        }
      },
      "5": {
        "start": {
          "line": 5,
          "column": 21
        },
        "end": {
          "line": 5,
          "column": 99
        }
      },
      "6": {
        "start": {
          "line": 5,
          "column": 40
        },
        "end": {
          "line": 5,
          "column": 99
        }
      },
      "7": {
        "start": {
          "line": 5,
          "column": 80
        },
        "end": {
          "line": 5,
          "column": 99
        }
      },
      "8": {
        "start": {
          "line": 6,
          "column": 4
        },
        "end": {
          "line": 6,
          "column": 28
        }
      },
      "9": {
        "start": {
          "line": 7,
          "column": 4
        },
        "end": {
          "line": 7,
          "column": 18
        }
      },
      "10": {
        "start": {
          "line": 9,
          "column": 0
        },
        "end": {
          "line": 9,
          "column": 62
        }
      },
      "11": {
        "start": {
          "line": 10,
          "column": 12
        },
        "end": {
          "line": 10,
          "column": 42
        }
      },
      "12": {
        "start": {
          "line": 11,
          "column": 20
        },
        "end": {
          "line": 11,
          "column": 42
        }
      },
      "13": {
        "start": {
          "line": 12,
          "column": 12
        },
        "end": {
          "line": 12,
          "column": 32
        }
      },
      "14": {
        "start": {
          "line": 13,
          "column": 18
        },
        "end": {
          "line": 13,
          "column": 40
        }
      },
      "15": {
        "start": {
          "line": 14,
          "column": 0
        },
        "end": {
          "line": 21,
          "column": 2
        }
      },
      "16": {
        "start": {
          "line": 15,
          "column": 15
        },
        "end": {
          "line": 15,
          "column": 80
        }
      },
      "17": {
        "start": {
          "line": 16,
          "column": 24
        },
        "end": {
          "line": 16,
          "column": 92
        }
      },
      "18": {
        "start": {
          "line": 16,
          "column": 69
        },
        "end": {
          "line": 16,
          "column": 82
        }
      },
      "19": {
        "start": {
          "line": 17,
          "column": 4
        },
        "end": {
          "line": 20,
          "column": 9
        }
      }
    },
    "fnMap": {
      "0": {
        "name": "(anonymous_0)",
        "decl": {
          "start": {
            "line": 2,
            "column": 50
          },
          "end": {
            "line": 2,
            "column": 51
          }
        },
        "loc": {
          "start": {
            "line": 2,
            "column": 65
          },
          "end": {
            "line": 8,
            "column": 1
          }
        },
        "line": 2
      },
      "1": {
        "name": "(anonymous_1)",
        "decl": {
          "start": {
            "line": 14,
            "column": 24
          },
          "end": {
            "line": 14,
            "column": 25
          }
        },
        "loc": {
          "start": {
            "line": 14,
            "column": 36
          },
          "end": {
            "line": 21,
            "column": 1
          }
        },
        "line": 14
      },
      "2": {
        "name": "(anonymous_2)",
        "decl": {
          "start": {
            "line": 16,
            "column": 50
          },
          "end": {
            "line": 16,
            "column": 51
          }
        },
        "loc": {
          "start": {
            "line": 16,
            "column": 67
          },
          "end": {
            "line": 16,
            "column": 84
          }
        },
        "line": 16
      }
    },
    "branchMap": {
      "0": {
        "loc": {
          "start": {
            "line": 2,
            "column": 19
          },
          "end": {
            "line": 8,
            "column": 1
          }
        },
        "type": "binary-expr",
        "locations": [
          {
            "start": {
              "line": 2,
              "column": 20
            },
            "end": {
              "line": 2,
              "column": 24
            }
          },
          {
            "start": {
              "line": 2,
              "column": 28
            },
            "end": {
              "line": 2,
              "column": 45
            }
          },
          {
            "start": {
              "line": 2,
              "column": 50
            },
            "end": {
              "line": 8,
              "column": 1
            }
          }
        ],
        "line": 2
      },
      "1": {
        "loc": {
          "start": {
            "line": 3,
            "column": 4
          },
          "end": {
            "line": 3,
            "column": 42
          }
        },
        "type": "if",
        "locations": [
          {
            "start": {
              "line": 3,
              "column": 4
            },
            "end": {
              "line": 3,
              "column": 42
            }
          },
          {
            "start": {
              "line": 3,
              "column": 4
            },
            "end": {
              "line": 3,
              "column": 42
            }
          }
        ],
        "line": 3
      },
      "2": {
        "loc": {
          "start": {
            "line": 3,
            "column": 8
          },
          "end": {
            "line": 3,
            "column": 29
          }
        },
        "type": "binary-expr",
        "locations": [
          {
            "start": {
              "line": 3,
              "column": 8
            },
            "end": {
              "line": 3,
              "column": 11
            }
          },
          {
            "start": {
              "line": 3,
              "column": 15
            },
            "end": {
              "line": 3,
              "column": 29
            }
          }
        ],
        "line": 3
      },
      "3": {
        "loc": {
          "start": {
            "line": 5,
            "column": 4
          },
          "end": {
            "line": 5,
            "column": 99
          }
        },
        "type": "if",
        "locations": [
          {
            "start": {
              "line": 5,
              "column": 4
            },
            "end": {
              "line": 5,
              "column": 99
            }
          },
          {
            "start": {
              "line": 5,
              "column": 4
            },
            "end": {
              "line": 5,
              "column": 99
            }
          }
        ],
        "line": 5
      },
      "4": {
        "loc": {
          "start": {
            "line": 5,
            "column": 40
          },
          "end": {
            "line": 5,
            "column": 99
          }
        },
        "type": "if",
        "locations": [
          {
            "start": {
              "line": 5,
              "column": 40
            },
            "end": {
              "line": 5,
              "column": 99
            }
          },
          {
            "start": {
              "line": 5,
              "column": 40
            },
            "end": {
              "line": 5,
              "column": 99
            }
          }
        ],
        "line": 5
      },
      "5": {
        "loc": {
          "start": {
            "line": 18,
            "column": 7
          },
          "end": {
            "line": 18,
            "column": 87
          }
        },
        "type": "cond-expr",
        "locations": [
          {
            "start": {
              "line": 18,
              "column": 23
            },
            "end": {
              "line": 18,
              "column": 80
            }
          },
          {
            "start": {
              "line": 18,
              "column": 83
            },
            "end": {
              "line": 18,
              "column": 87
            }
          }
        ],
        "line": 18
      },
      "6": {
        "loc": {
          "start": {
            "line": 19,
            "column": 7
          },
          "end": {
            "line": 19,
            "column": 68
          }
        },
        "type": "cond-expr",
        "locations": [
[...]
        }
      },
      "1": {
        "start": {
          "line": 3,
          "column": 4
        },
        "end": {
          "line": 3,
          "column": 42
        }
      },
      "2": {
        "start": {
          "line": 3,
          "column": 31
        },
        "end": {
          "line": 3,
          "column": 42
        }
      },
      "3": {
        "start": {
          "line": 4,
          "column": 17
        },
        "end": {
          "line": 4,
          "column": 19
        }
      },
      "4": {
        "start": {
          "line": 5,
          "column": 4
        },
        "end": {
          "line": 5,
          "column": 99
        }
      },
      "5": {
        "start": {
          "line": 5,
          "column": 21
        },
        "end": {
          "line": 5,
          "column": 99
        }
      },
      "6": {
        "start": {
          "line": 5,
          "column": 40
        },
        "end": {
          "line": 5,
          "column": 99
        }
      },
      "7": {
        "start": {
          "line": 5,
          "column": 80
        },
        "end": {
          "line": 5,
          "column": 99
        }
      },
      "8": {
        "start": {
          "line": 6,
          "column": 4
        },
        "end": {
          "line": 6,
          "column": 28
        }
      },
      "9": {
        "start": {
          "line": 7,
          "column": 4
        },
        "end": {
          "line": 7,
          "column": 18
        }
      },
      "10": {
        "start": {
          "line": 9,
          "column": 0
        },
        "end": {
          "line": 9,
          "column": 62
        }
      },
      "11": {
        "start": {
          "line": 10,
          "column": 12
        },
        "end": {
          "line": 10,
          "column": 42
        }
      },
      "12": {
        "start": {
          "line": 11,
          "column": 12
        },
        "end": {
          "line": 11,
          "column": 32
        }
      },
      "13": {
        "start": {
          "line": 12,
          "column": 18
        },
        "end": {
          "line": 12,
          "column": 40
        }
      },
      "14": {
        "start": {
          "line": 13,
          "column": 0
        },
        "end": {
          "line": 16,
          "column": 2
        }
      },
      "15": {
        "start": {
          "line": 14,
          "column": 16
        },
        "end": {
          "line": 14,
          "column": 93
        }
      },
      "16": {
        "start": {
          "line": 15,
          "column": 4
        },
        "end": {
          "line": 15,
          "column": 71
        }
      }
    },
    "fnMap": {
      "0": {
        "name": "(anonymous_0)",
        "decl": {
          "start": {
            "line": 2,
            "column": 50
          },
          "end": {
            "line": 2,
            "column": 51
          }
        },
        "loc": {
          "start": {
            "line": 2,
            "column": 65
          },
          "end": {
            "line": 8,
            "column": 1
          }
        },
        "line": 2
      },
      "1": {
        "name": "(anonymous_1)",
        "decl": {
          "start": {
            "line": 13,
            "column": 33
          },
          "end": {
            "line": 13,
            "column": 34
          }
        },
        "loc": {
          "start": {
            "line": 13,
            "column": 45
          },
          "end": {
            "line": 16,
            "column": 1
          }
        },
        "line": 13
      }
    },
    "branchMap": {
      "0": {
        "loc": {
          "start": {
            "line": 2,
            "column": 19
          },
          "end": {
            "line": 8,
            "column": 1
          }
        },
        "type": "binary-expr",
        "locations": [
          {
            "start": {
              "line": 2,
              "column": 20
            },
            "end": {
              "line": 2,
              "column": 24
            }
          },
          {
            "start": {
              "line": 2,
              "column": 28
            },
            "end": {
              "line": 2,
              "column": 45
            }
          },
          {
            "start": {
              "line": 2,
              "column": 50
            },
            "end": {
              "line": 8,
              "column": 1
            }
          }
        ],
        "line": 2
      },
      "1": {
        "loc": {
          "start": {
            "line": 3,
            "column": 4
          },
          "end": {
            "line": 3,
            "column": 42
          }
        },
        "type": "if",
        "locations": [
          {
            "start": {
              "line": 3,
              "column": 4
            },
            "end": {
              "line": 3,
              "column": 42
            }
          },
          {
            "start": {
              "line": 3,
              "column": 4
            },
            "end": {
              "line": 3,
              "column": 42
            }
          }
        ],
        "line": 3
      },
      "2": {
        "loc": {
          "start": {
            "line": 3,
            "column": 8
          },
          "end": {
            "line": 3,
            "column": 29
          }
        },
        "type": "binary-expr",
        "locations": [
          {
            "start": {
              "line": 3,
              "column": 8
            },
            "end": {
              "line": 3,
              "column": 11
            }
          },
          {
            "start": {
              "line": 3,
              "column": 15
            },
            "end": {
              "line": 3,
              "column": 29
            }
          }
        ],
        "line": 3
      },
      "3": {
        "loc": {
          "start": {
            "line": 5,
            "column": 4
          },
          "end": {
            "line": 5,
            "column": 99
          }
        },
        "type": "if",
        "locations": [
          {
            "start": {
              "line": 5,
              "column": 4
            },
            "end": {
              "line": 5,
              "column": 99
            }
          },
          {
            "start": {
              "line": 5,
              "column": 4
            },
            "end": {
              "line": 5,
              "column": 99
            }
          }
        ],
        "line": 5
      },
      "4": {
        "loc": {
          "start": {
            "line": 5,
            "column": 40
          },
          "end": {
            "line": 5,
            "column": 99
          }
        },
        "type": "if",
        "locations": [
          {
            "start": {
              "line": 5,
              "column": 40
            },
            "end": {
              "line": 5,
              "column": 99
            }
          },
          {
            "start": {
              "line": 5,
              "column": 40
            },
            "end": {
              "line": 5,
              "column": 99
            }
          }
        ],
        "line": 5
      },
      "5": {
        "loc": {
          "start": {
            "line": 15,
            "column": 11
          },
          "end": {
            "line": 15,
            "column": 70
          }
        },
        "type": "cond-expr",
        "locations": [
          {
            "start": {
              "line": 15,
              "column": 19
            },
            "end": {
              "line": 15,
              "column": 63
            }
          },
          {
            "start": {
              "line": 15,
              "column": 66
            },
            "end": {
              "line": 15,
              "column": 70
            }
          }
        ],
        "line": 15
      }
    },
    "s": {
      "0": 48,
      "1": 48,
      "2": 0,
      "3": 48,
      "4": 48,
      "5": 48,
      "6": 1344,
      "7": 1344,
      "8": 48,
      "9": 48,
      "10": 48,
      "11": 48,
      "12": 48,
      "13": 48,
      "14": 48,
      "15": 16,
      "16": 16
    },
    "f": {
      "0": 48,
      "1": 16
    },
    "b": {
      "0": [
        48,
        48,
        48
      ],
      "1": [
        0,
        48
      ],
      "2": [
        48,
        48
      ],
      "3": [
        48,
        0
      ],
      "4": [
        1344,
        0
      ],
      "5": [
        8,
        8
      ]
    },
    "_coverageSchema": "1a1c01bbd47fc00a2c39e90264f33305004495a9",
    "hash": "21fdfb433020bbe13bdbd3dfb7b1de50c989b3dc"
  },
  "/Users/kirillleontyev/Sites/redux-socket-provider/example/client/reducer.ts": {
    "path": "/Users/kirillleontyev/Sites/redux-socket-provider/example/client/reducer.ts",
    "statementMap": {
      "0": {
        "start": {
          "line": 2,
          "column": 15
        },
        "end": {
          "line": 12,
          "column": 1
        }
      },
      "1": {
        "start": {
          "line": 3,
          "column": 4
        },
        "end": {
          "line": 10,
          "column": 6
        }
      },
      "2": {
        "start": {
          "line": 4,
          "column": 8
        },
        "end": {
          "line": 8,
          "column": 9
        }
      },
      "3": {
        "start": {
          "line": 4,
          "column": 24
        },
        "end": {
          "line": 4,
          "column": 25
        }
      },
      "4": {
        "start": {
          "line": 4,
          "column": 31
        },
        "end": {
          "line": 4,
          "column": 47
        }
      },
      "5": {
        "start": {
          "line": 5,
          "column": 12
        },
        "end": {
          "line": 5,
          "column": 29
        }
      },
      "6": {
        "start": {
          "line": 6,
          "column": 12
        },
        "end": {
          "line": 7,
          "column": 28
        }
      },
      "7": {
        "start": {
          "line": 6,
          "column": 29
        },
        "end": {
          "line": 7,
          "column": 28
        }
      },
      "8": {
        "start": {
          "line": 7,
          "column": 16
        },
        "end": {
          "line": 7,
          "column": 28
        }
      },
      "9": {
        "start": {
          "line": 9,
          "column": 8
        },
        "end": {
          "line": 9,
          "column": 17
        }
      },
      "10": {
        "start": {
          "line": 11,
          "column": 4
        },
        "end": {
          "line": 11,
          "column": 43
        }
      },
      "11": {
        "start": {
          "line": 13,
          "column": 0
        },
        "end": {
          "line": 13,
          "column": 62
        }
      },
      "12": {
        "start": {
          "line": 14,
          "column": 18
        },
        "end": {
          "line": 14,
          "column": 40
        }
      },
      "13": {
        "start": {
          "line": 15,
          "column": 12
        },
        "end": {
          "line": 15,
          "column": 32
        }
      },
      "14": {
        "start": {
          "line": 16,
          "column": 19
        },
        "end": {
          "line": 18,
          "column": 1
        }
      },
      "15": {
        "start": {
          "line": 19,
          "column": 0
        },
        "end": {
          "line": 34,
          "column": 2
        }
      },
      "16": {
        "start": {
          "line": 20,
          "column": 4
        },
        "end": {
          "line": 20,
          "column": 51
        }
      },
      "17": {
        "start": {
          "line": 20,
          "column": 28
        },
        "end": {
          "line": 20,
          "column": 49
        }
      },
      "18": {
        "start": {
          "line": 21,
          "column": 15
        },
        "end": {
          "line": 21,
          "column": 22
        }
      },
      "19": {
        "start": {
          "line": 21,
          "column": 34
        },
        "end": {
          "line": 21,
          "column": 44
        }
      },
      "20": {
        "start": {
          "line": 22,
          "column": 4
        },
        "end": {
          "line": 33,
          "column": 5
        }
      },
      "21": {
        "start": {
          "line": 26,
          "column": 12
        },
        "end": {
          "line": 26,
          "column": 70
        }
      },
      "22": {
        "start": {
          "line": 30,
          "column": 12
        },
        "end": {
          "line": 30,
          "column": 88
        }
      },
      "23": {
        "start": {
          "line": 32,
          "column": 12
        },
        "end": {
          "line": 32,
          "column": 25
        }
      }
    },
    "fnMap": {
      "0": {
        "name": "(anonymous_0)",
        "decl": {
          "start": {
            "line": 2,
            "column": 42
          },
          "end": {
            "line": 2,
            "column": 43
          }
        },
        "loc": {
          "start": {
            "line": 2,
            "column": 54
          },
          "end": {
            "line": 12,
            "column": 1
          }
        },
        "line": 2
      },
      "1": {
        "name": "(anonymous_1)",
        "decl": {
          "start": {
            "line": 3,
            "column": 32
          },
          "end": {
            "line": 3,
            "column": 33
          }
        },
        "loc": {
          "start": {
            "line": 3,
            "column": 44
          },
          "end": {
            "line": 10,
            "column": 5
          }
        },
        "line": 3
      },
      "2": {
        "name": "(anonymous_2)",
        "decl": {
          "start": {
            "line": 19,
            "column": 18
          },
          "end": {
            "line": 19,
            "column": 19
          }
        },
        "loc": {
          "start": {
            "line": 19,
            "column": 39
          },
          "end": {
            "line": 34,
            "column": 1
          }
        },
        "line": 19
      }
    },
    "branchMap": {
      "0": {
        "loc": {
          "start": {
            "line": 2,
            "column": 15
          },
          "end": {
            "line": 12,
            "column": 1
          }
        },
        "type": "binary-expr",
        "locations": [
          {
            "start": {
              "line": 2,
              "column": 16
            },
            "end": {
              "line": 2,
              "column": 20
            }
          },
          {
            "start": {
              "line": 2,
              "column": 24
            },
            "end": {
              "line": 2,
              "column": 37
            }
          },
          {
            "start": {
              "line": 2,
              "column": 42
            },
            "end": {
              "line": 12,
              "column": 1
            }
          }
        ],
        "line": 2
      },
      "1": {
        "loc": {
          "start": {
            "line": 3,
            "column": 15
          },
          "end": {
            "line": 10,
            "column": 5
          }
        },
        "type": "binary-expr",
        "locations": [
          {
            "start": {
              "line": 3,
              "column": 15
            },
            "end": {
              "line": 3,
              "column": 28
            }
          },
          {
            "start": {
              "line": 3,
              "column": 32
            },
            "end": {
              "line": 10,
              "column": 5
            }
          }
        ],
        "line": 3
      },
      "2": {
        "loc": {
          "start": {
            "line": 6,
            "column": 29
          },
          "end": {
            "line": 7,
            "column": 28
          }
        },
        "type": "if",
        "locations": [
          {
            "start": {
              "line": 6,
              "column": 29
            },
            "end": {
              "line": 7,
              "column": 28
            }
          },
          {
            "start": {
              "line": 6,
              "column": 29
            },
            "end": {
              "line": 7,
              "column": 28
            }
          }
        ],
        "line": 6
      },
      "3": {
        "loc": {
          "start": {
            "line": 20,
            "column": 4
          },
          "end": {
            "line": 20,
            "column": 51
          }
        },
        "type": "if",
        "locations": [
          {
            "start": {
              "line": 20,
              "column": 4
            },
            "end": {
              "line": 20,
              "column": 51
            }
          },
          {
            "start": {
              "line": 20,
              "column": 4
            },
            "end": {
              "line": 20,
              "column": 51
            }
          }
        ],
        "line": 20
      },
      "4": {
        "loc": {
          "start": {
            "line": 22,
            "column": 4
          },
          "end": {
            "line": 33,
            "column": 5
          }
        },
        "type": "switch",
        "locations": [
          {
            "start": {
              "line": 23,
              "column": 8
            },
            "end": {
              "line": 23,
              "column": 67
            }
          },
          {
            "start": {
              "line": 24,
              "column": 8
            },
            "end": {
              "line": 24,
              "column": 74
            }
          },
          {
            "start": {
              "line": 25,
              "column": 8
            },
            "end": {
              "line": 26,
              "column": 70
            }
          },
          {
            "start": {
              "line": 27,
              "column": 8
            },
            "end": {
              "line": 27,
              "column": 73
            }
          },
          {
            "start": {
              "line": 28,
              "column": 8
            },
            "end": {
              "line": 28,
              "column": 80
            }
          },
          {
            "start": {
              "line": 29,
              "column": 8
            },
            "end": {
              "line": 30,
              "column": 88
            }
          },
          {
            "start": {
              "line": 31,
              "column": 8
            },
            "end": {
              "line": 32,
              "column": 25
            }
          }
        ],
        "line": 22
      }
    },
    "s": {
      "0": 48,
      "1": 48,
      "2": 0,
      "3": 0,
      "4": 0,
      "5": 0,
      "6": 0,
      "7": 0,
      "8": 0,
      "9": 0,
      "10": 48,
      "11": 48,
      "12": 48,
      "13": 48,
      "14": 48,
      "15": 48,
      "16": 104,
      "17": 48,
      "18": 104,
      "19": 104,
      "20": 104,
      "21": 16,
      "22": 24,
      "23": 64
    },
    "f": {
      "0": 48,
      "1": 0,
      "2": 104
    },
    "b": {
      "0": [
        48,
        48,
        48
      ],
      "1": [
        48,
        0
      ],
      "2": [
        0,
        0
      ],
      "3": [
        48,
        56
      ],
      "4": [
        8,
        8,
        16,
        8,
        16,
        24,
        64
      ]
    },
    "_coverageSchema": "1a1c01bbd47fc00a2c39e90264f33305004495a9",
    "hash": "086f1134801836899bc9cba709aecbcc154ebf76"
  }
}